

/opt/cellranger-8.0.1/bin
cellranger mkfastq (cellranger-8.0.1)
Copyright (c) 2021 10x Genomics, Inc.  All rights reserved.
-------------------------------------------------------------------------------

Martian Runtime - v4.0.12
Serving UI at http://z6g4:40941?auth=epS7SOg1cmkVJYGpajdp0bQx4z3LQH6hYsx9VA1GMFY

Running preflight checks (please wait)...
Checking run folder...
Checking RunInfo.xml...
Checking system environment...
Emitting run information...
Checking read specification...
Checking samplesheet specs...
2024-08-18 10:20:10 [runtime] (ready)           ID.H35KCBCXY.MAKE_FASTQS_CS.MAKE_FASTQS.PREPARE_SAMPLESHEET
2024-08-18 10:20:10 [runtime] (run:local)       ID.H35KCBCXY.MAKE_FASTQS_CS.MAKE_FASTQS.PREPARE_SAMPLESHEET.fork0.chnk0.main
2024-08-18 10:20:11 [runtime] (chunks_complete) ID.H35KCBCXY.MAKE_FASTQS_CS.MAKE_FASTQS.PREPARE_SAMPLESHEET
2024-08-18 10:20:11 [runtime] (ready)           ID.H35KCBCXY.MAKE_FASTQS_CS.MAKE_FASTQS.BCL2FASTQ_WITH_SAMPLESHEET
2024-08-18 10:20:11 [runtime] (run:local)       ID.H35KCBCXY.MAKE_FASTQS_CS.MAKE_FASTQS.BCL2FASTQ_WITH_SAMPLESHEET.fork0.split
2024-08-18 10:20:12 [runtime] (split_complete)  ID.H35KCBCXY.MAKE_FASTQS_CS.MAKE_FASTQS.BCL2FASTQ_WITH_SAMPLESHEET
2024-08-18 10:20:12 [runtime] (run:local)       ID.H35KCBCXY.MAKE_FASTQS_CS.MAKE_FASTQS.BCL2FASTQ_WITH_SAMPLESHEET.fork0.chnk0.main
2024-08-18 10:20:19 [runtime] (chunks_complete) ID.H35KCBCXY.MAKE_FASTQS_CS.MAKE_FASTQS.BCL2FASTQ_WITH_SAMPLESHEET
2024-08-18 10:20:19 [runtime] (run:local)       ID.H35KCBCXY.MAKE_FASTQS_CS.MAKE_FASTQS.BCL2FASTQ_WITH_SAMPLESHEET.fork0.join
2024-08-18 10:20:19 [runtime] (join_complete)   ID.H35KCBCXY.MAKE_FASTQS_CS.MAKE_FASTQS.BCL2FASTQ_WITH_SAMPLESHEET
2024-08-18 10:20:19 [runtime] (ready)           ID.H35KCBCXY.MAKE_FASTQS_CS.MAKE_FASTQS.MERGE_FASTQS_BY_LANE_SAMPLE
2024-08-18 10:20:19 [runtime] (run:local)       ID.H35KCBCXY.MAKE_FASTQS_CS.MAKE_FASTQS.MERGE_FASTQS_BY_LANE_SAMPLE.fork0.split
2024-08-18 10:20:20 [runtime] (split_complete)  ID.H35KCBCXY.MAKE_FASTQS_CS.MAKE_FASTQS.MERGE_FASTQS_BY_LANE_SAMPLE
2024-08-18 10:20:20 [runtime] (run:local)       ID.H35KCBCXY.MAKE_FASTQS_CS.MAKE_FASTQS.MERGE_FASTQS_BY_LANE_SAMPLE.fork0.chnk0.main
2024-08-18 10:20:22 [runtime] (chunks_complete) ID.H35KCBCXY.MAKE_FASTQS_CS.MAKE_FASTQS.MERGE_FASTQS_BY_LANE_SAMPLE
2024-08-18 10:20:22 [runtime] (run:local)       ID.H35KCBCXY.MAKE_FASTQS_CS.MAKE_FASTQS.MERGE_FASTQS_BY_LANE_SAMPLE.fork0.join
2024-08-18 10:20:23 [runtime] (join_complete)   ID.H35KCBCXY.MAKE_FASTQS_CS.MAKE_FASTQS.MERGE_FASTQS_BY_LANE_SAMPLE

Outputs:
- FASTQ output folder:   /home/debojyoti/Projects/core_facility/cellranger_snakemake/workflow/tiny_bcl_iem
- Interop output folder: /home/debojyoti/Projects/core_facility/cellranger_snakemake/workflow/H35KCBCXY/outs/interop_path
- Input samplesheet:     /home/debojyoti/Projects/core_facility/cellranger_snakemake/workflow/H35KCBCXY/outs/input_samplesheet.csv

Waiting 6 seconds for UI to do final refresh.
Pipestance completed successfully!

2024-08-18 10:20:29 Shutting down.
Saving pipestance info to "H35KCBCXY/H35KCBCXY.mri.tgz"
