Building DAG of jobs...
Using shell: /bin/bash
Provided cores: 1 (use --cores to define parallelism)
Rules claiming more threads will be scaled down.
Singularity containers: ignored
Job stats:
job        count    min threads    max threads
-------  -------  -------------  -------------
all            1              1              1
mkfastq        1              1              1
total          2              1              1

Select jobs to execute...

[Mon Aug 12 16:19:20 2024]
rule mkfastq:
    input: ../test/cellranger-tiny-bcl-1.2.0
    output: */outs/fastq_path/s1/*_R1_*.fastq.gz, */outs/fastq_path/s1/*_R2_*.fastq.gz
    log: logs/mkfastq.log
    jobid: 1
    benchmark: benchmarks/benchmarks_mkfastq.txt
    reason: Missing output files: */outs/fastq_path/s1/*_R1_*.fastq.gz, */outs/fastq_path/s1/*_R2_*.fastq.gz
    resources: tmpdir=/tmp, cores=8, memory=64

[Mon Aug 12 16:19:20 2024]
Error in rule mkfastq:
    jobid: 1
    output: */outs/fastq_path/s1/*_R1_*.fastq.gz, */outs/fastq_path/s1/*_R2_*.fastq.gz
    log: logs/mkfastq.log (check log file(s) for error message)
    shell:
        
        opt_sample_sheet="";
        if [ ! -z ../test/cellranger-tiny-bcl-samplesheet-1.2.0.csv ]; then opt_sample_sheet="--samplesheet=../test/cellranger-tiny-bcl-samplesheet-1.2.0.csv"; fi
        opt_id_arg="";
        if [ ! -z None ]; then  echo "working probably!"; opt_id_arg="--samplesheet=None"; fi

        cellranger mkfastq --run=../test/cellranger-tiny-bcl-1.2.0 "{opt_id_arg}" "{opt_sample_sheet}"         --localcores=8         --localmem=64 
        
        (one of the commands exited with non-zero exit code; note that snakemake uses bash strict mode!)

Shutting down, this might take some time.
Exiting because a job execution failed. Look above for error message
Complete log: .snakemake/log/2024-08-12T161919.913937.snakemake.log
