Building DAG of jobs...
Job stats:
job        count    min threads    max threads
-------  -------  -------------  -------------
all            1              1              1
mkfastq        1              1              1
total          2              1              1


[Mon Aug 12 14:53:17 2024]
rule mkfastq:
    input: ../test/cellranger-tiny-bcl-1.2.0
    output: H35KCBCXY/outs/fastq_path/s1/*_R1_*.fastq.gz, H35KCBCXY/outs/fastq_path/s1/*_R2_*.fastq.gz
    log: logs/mkfastq.log
    jobid: 1
    benchmark: benchmarks/benchmarks_mkfastq.txt
    reason: Missing output files: H35KCBCXY/outs/fastq_path/s1/*_R2_*.fastq.gz, H35KCBCXY/outs/fastq_path/s1/*_R1_*.fastq.gz
    resources: tmpdir=/tmp, cores=8, memory=64

RuleException in rule mkfastq in line 46 of /home/debojyoti/Projects/core_facility/cellranger_snakemake/workflow/rules/rule_mkfastq.smk:
NameError: The name 'id_arg' is unknown in this context. Please make sure that you defined that variable. Also note that braces not used for variable access have to be escaped by repeating them, i.e. {{print $1}}, when formatting the following:

        if [ -z {params.samplesheet} ]; then
            sample_sheet="--samplesheet={params.samplesheet}";
        else
            sample_sheet="";
        fi

        if [ -z {params.flowcellid} ]; then
            id_arg="--id={params.flowcellid}";
        else
            id_arg="";
        fi

        cellranger mkfastq --run={input} {id_arg}         {sample_sheet}         --localcores={resources.cores}         --localmem={resources.memory} 
        
